<?xml version="1.0" encoding="UTF-8"?>
<!-- Generated by org.testng.reporters.JUnitReportReporter -->
<testsuite skipped="0" hostname="DESKTOP-M18KB13" name="com.w2a.testcases.Logintest" tests="1" failures="0" timestamp="2021-02-20T23:07:39 IST" time="0.264" errors="0">
  <testcase name="loginAsBankManager" time="0.264" classname="com.w2a.testcases.Logintest"/>
  <system-out/>
</testsuite> <!-- com.w2a.testcases.Logintest -->
