<?xml version="1.0" encoding="UTF-8"?>
<!-- Generated by org.testng.reporters.JUnitReportReporter -->
<testsuite skipped="0" hostname="DESKTOP-M18KB13" name="com.w2a.testcases.BankManagerLogintest" tests="1" failures="0" timestamp="2021-02-22T11:07:04 IST" time="0.256" errors="0">
  <testcase name="loginAsBankManager" time="0.256" classname="com.w2a.testcases.BankManagerLogintest"/>
  <system-out>
Login successfully executed.... <a target="blank" href="D:\screen.png">ScreenFirst</a> <br> <a target="blank" href="D:\screen.png"><img src="D:\screen.png" height=200 width=200></img></a>  </system-out>
</testsuite> <!-- com.w2a.testcases.BankManagerLogintest -->
